<?xml version="1.0" encoding="UTF-8"?>
<testsuite xmlns:xsi="http://www.w3.org/2001/XMLSchema-instance" xsi:noNamespaceSchemaLocation="https://maven.apache.org/surefire/maven-surefire-plugin/xsd/surefire-test-report-3.0.xsd" version="3.0" name="com.zensar.DemoApplicationTests" time="5.977" tests="1" errors="0" skipped="0" failures="0">
  <properties>
[...]
</properties>
  <testcase name="contextLoads" classname="com.zensar.DemoApplicationTests" time="1.942">
    <system-out><![CDATA[09:39:23.846 [main] INFO org.springframework.test.context.support.AnnotationConfigContextLoaderUtils -- Could not detect default configuration classes for test class [com.zensar.DemoApplicationTests]: DemoApplicationTests does not declare any static, non-private, non-final, nested classes annotated with @Configuration.
09:39:24.057 [main] INFO org.springframework.boot.test.context.SpringBootTestContextBootstrapper -- Found @SpringBootConfiguration com.zensar.DemoApplication for test class com.zensar.DemoApplicationTests

  .   ____          _            __ _ _
 /\\ / ___'_ __ _ _(_)_ __  __ _ \ \ \ \
( ( )\___ | '_ | '_| | '_ \/ _` | \ \ \ \
 \\/  ___)| |_)| | | | | || (_| |  ) ) ) )
  '  |____| .__|_| |_|_| |_\__, | / / / /
 =========|_|==============|___/=/_/_/_/
 :: Spring Boot ::                (v3.2.5)

2024-05-22T09:39:24.883+05:30  INFO 20372 --- [demo] [           main] com.zensar.DemoApplicationTests          : Starting DemoApplicationTests using Java 17.0.7 with PID 20372 (started by SR43993 in D:\DockerWorkspace\spring-boot-docker)
2024-05-22T09:39:24.886+05:30  INFO 20372 --- [demo] [           main] com.zensar.DemoApplicationTests          : No active profile set, falling back to 1 default profile: "default"
2024-05-22T09:39:27.481+05:30  INFO 20372 --- [demo] [           main] com.zensar.DemoApplicationTests          : Started DemoApplicationTests in 3.118 seconds (process running for 5.166)
]]></system-out>
  </testcase>
</testsuite>